<?xml version="1.0" encoding="UTF-8"?>
<!-- Generated by org.testng.reporters.JUnitReportReporter -->
<testsuite skipped="0" hostname="lenovo-ThinkPad-L480" name="files.petStoreApiTest" tests="8" failures="0" timestamp="2020-09-06T08:56:23 IST" time="16.035" errors="0">
  <testcase name="petStoreRegister" time="3.247" classname="files.petStoreApiTest"/>
  <system-out/>
  <testcase name="login" time="1.722" classname="files.petStoreApiTest"/>
  <system-out/>
  <testcase name="logout" time="1.683" classname="files.petStoreApiTest"/>
  <system-out/>
  <testcase name="addPet" time="1.687" classname="files.petStoreApiTest"/>
  <system-out/>
  <testcase name="getPet" time="2.251" classname="files.petStoreApiTest"/>
  <system-out/>
  <testcase name="uploadPetImage" time="1.758" classname="files.petStoreApiTest"/>
  <system-out/>
  <testcase name="deletePet" time="1.643" classname="files.petStoreApiTest"/>
  <system-out/>
  <testcase name="listAlldogs" time="2.044" classname="files.petStoreApiTest"/>
  <system-out/>
</testsuite> <!-- files.petStoreApiTest -->
